<?xml version="1.0" encoding="UTF-8"?>
<testsuite name="Scenario: Weight Watchers search possitive scenarios" time="0.209" tests="9" errors="1" skipped="8" failures="0">
  <properties>
    <property name="java.runtime.name" value="Java(TM) SE Runtime Environment"/>
    <property name="sun.boot.library.path" value="/Library/Java/JavaVirtualMachines/jdk1.8.0_261.jdk/Contents/Home/jre/lib"/>
    <property name="java.vm.version" value="25.261-b12"/>
    <property name="gopherProxySet" value="false"/>
    <property name="java.vm.vendor" value="Oracle Corporation"/>
    <property name="maven.multiModuleProjectDirectory" value="/Users/fatemaislam/Documents/workspace/wwAssesment"/>
    <property name="java.vendor.url" value="http://java.oracle.com/"/>
    <property name="path.separator" value=":"/>
    <property name="guice.disable.misplaced.annotation.check" value="true"/>
    <property name="java.vm.name" value="Java HotSpot(TM) 64-Bit Server VM"/>
    <property name="file.encoding.pkg" value="sun.io"/>
    <property name="user.country" value="US"/>
    <property name="sun.java.launcher" value="SUN_STANDARD"/>
    <property name="sun.os.patch.level" value="unknown"/>
    <property name="java.vm.specification.name" value="Java Virtual Machine Specification"/>
    <property name="user.dir" value="/Users/fatemaislam/Documents/workspace/wwAssesment"/>
    <property name="java.runtime.version" value="1.8.0_261-b12"/>
    <property name="java.awt.graphicsenv" value="sun.awt.CGraphicsEnvironment"/>
    <property name="java.endorsed.dirs" value="/Library/Java/JavaVirtualMachines/jdk1.8.0_261.jdk/Contents/Home/jre/lib/endorsed"/>
    <property name="os.arch" value="x86_64"/>
    <property name="java.io.tmpdir" value="/var/folders/rx/sxfkcph91l1407_sdqls6tq80000gn/T/"/>
    <property name="line.separator" value="&#10;"/>
    <property name="java.vm.specification.vendor" value="Oracle Corporation"/>
    <property name="os.name" value="Mac OS X"/>
    <property name="classworlds.conf" value="/Users/fatemaislam/Documents/workspace/.metadata/.plugins/org.eclipse.m2e.launching/launches/m2conf7972680023692983330.tmp"/>
    <property name="sun.jnu.encoding" value="UTF-8"/>
    <property name="java.library.path" value="/Users/fatemaislam/Library/Java/Extensions:/Library/Java/Extensions:/Network/Library/Java/Extensions:/System/Library/Java/Extensions:/usr/lib/java:."/>
    <property name="java.specification.name" value="Java Platform API Specification"/>
    <property name="java.class.version" value="52.0"/>
    <property name="sun.management.compiler" value="HotSpot 64-Bit Tiered Compilers"/>
    <property name="os.version" value="10.15.6"/>
    <property name="http.nonProxyHosts" value="local|*.local|169.254/16|*.169.254/16"/>
    <property name="user.home" value="/Users/fatemaislam"/>
    <property name="user.timezone" value="America/New_York"/>
    <property name="java.awt.printerjob" value="sun.lwawt.macosx.CPrinterJob"/>
    <property name="java.specification.version" value="1.8"/>
    <property name="file.encoding" value="UTF-8"/>
    <property name="user.name" value="fatemaislam"/>
    <property name="java.class.path" value="/Users/fatemaislam/.p2/pool/plugins/org.eclipse.m2e.maven.runtime_1.16.0.20200610-1735/jars/plexus-classworlds-2.6.0.jar"/>
    <property name="java.vm.specification.version" value="1.8"/>
    <property name="sun.arch.data.model" value="64"/>
    <property name="java.home" value="/Library/Java/JavaVirtualMachines/jdk1.8.0_261.jdk/Contents/Home/jre"/>
    <property name="sun.java.command" value="org.codehaus.plexus.classworlds.launcher.Launcher -B install"/>
    <property name="java.specification.vendor" value="Oracle Corporation"/>
    <property name="user.language" value="en"/>
    <property name="awt.toolkit" value="sun.lwawt.macosx.LWCToolkit"/>
    <property name="java.vm.info" value="mixed mode"/>
    <property name="java.version" value="1.8.0_261"/>
    <property name="java.ext.dirs" value="/Users/fatemaislam/Library/Java/Extensions:/Library/Java/JavaVirtualMachines/jdk1.8.0_261.jdk/Contents/Home/jre/lib/ext:/Library/Java/Extensions:/Network/Library/Java/Extensions:/System/Library/Java/Extensions:/usr/lib/java"/>
    <property name="sun.boot.class.path" value="/Library/Java/JavaVirtualMachines/jdk1.8.0_261.jdk/Contents/Home/jre/lib/resources.jar:/Library/Java/JavaVirtualMachines/jdk1.8.0_261.jdk/Contents/Home/jre/lib/rt.jar:/Library/Java/JavaVirtualMachines/jdk1.8.0_261.jdk/Contents/Home/jre/lib/sunrsasign.jar:/Library/Java/JavaVirtualMachines/jdk1.8.0_261.jdk/Contents/Home/jre/lib/jsse.jar:/Library/Java/JavaVirtualMachines/jdk1.8.0_261.jdk/Contents/Home/jre/lib/jce.jar:/Library/Java/JavaVirtualMachines/jdk1.8.0_261.jdk/Contents/Home/jre/lib/charsets.jar:/Library/Java/JavaVirtualMachines/jdk1.8.0_261.jdk/Contents/Home/jre/lib/jfr.jar:/Library/Java/JavaVirtualMachines/jdk1.8.0_261.jdk/Contents/Home/jre/classes"/>
    <property name="java.vendor" value="Oracle Corporation"/>
    <property name="maven.home" value="/Users/fatemaislam/Documents/workspace/wwAssesment/EMBEDDED"/>
    <property name="file.separator" value="/"/>
    <property name="java.vendor.url.bug" value="http://bugreport.sun.com/bugreport/"/>
    <property name="sun.cpu.endian" value="little"/>
    <property name="sun.io.unicode.encoding" value="UnicodeBig"/>
    <property name="socksNonProxyHosts" value="local|*.local|169.254/16|*.169.254/16"/>
    <property name="ftp.nonProxyHosts" value="local|*.local|169.254/16|*.169.254/16"/>
    <property name="sun.cpu.isalist" value=""/>
  </properties>
  <testcase name="Given Open Chrome Browser with url" classname="Scenario: Weight Watchers search possitive scenarios" time="0.202"/>
  <testcase name="When Assert loaded page title matches WW (Weight Watchers): Weight Loss &amp;amp; Wellness Help | WW USA" classname="Scenario: Weight Watchers search possitive scenarios" time="0.007">
    <error type="java.lang.NullPointerException:"><![CDATA[java.lang.NullPointerException: null
	at stepdefinition.WWSearchStep.loadedPageTitle(WWSearchStep.java:25)
	at ✽.When Assert loaded page title matches WW (Weight Watchers): Weight Loss &amp; Wellness Help | WW USA(/Users/fatemaislam/Documents/workspace/wwAssesment/features/ww.feature:7)
]]></error>
  </testcase>
  <testcase name="Scenario: Weight Watchers search possitive scenarios" classname="Scenario: Weight Watchers search possitive scenarios" time="0">
    <error type="java.lang.NullPointerException:"><![CDATA[java.lang.NullPointerException: null
	at stepdefinition.WWSearchStep.loadedPageTitle(WWSearchStep.java:25)
	at ✽.When Assert loaded page title matches WW (Weight Watchers): Weight Loss &amp; Wellness Help | WW USA(/Users/fatemaislam/Documents/workspace/wwAssesment/features/ww.feature:7)
]]></error>
  </testcase>
  <testcase name="And On the right corner of the page, click on Find a Workshop" classname="Scenario: Weight Watchers search possitive scenarios" time="0">
    <skipped/>
  </testcase>
  <testcase name="And Assert loaded page title contains “Find WW Studios &amp; Meetings Near You | WW USA”" classname="Scenario: Weight Watchers search possitive scenarios" time="0">
    <skipped/>
  </testcase>
  <testcase name="And In the search field, search for meetings for zip code: &quot;10011&quot;" classname="Scenario: Weight Watchers search possitive scenarios" time="0">
    <skipped/>
  </testcase>
  <testcase name="And Print the title of the first result and the distance (located on the right of location title/name)" classname="Scenario: Weight Watchers search possitive scenarios" time="0">
    <skipped/>
  </testcase>
  <testcase name="And Click on the first search result and then, verify displayed location name/title matches with the name of the first searched result that was clicked" classname="Scenario: Weight Watchers search possitive scenarios" time="0">
    <skipped/>
  </testcase>
  <testcase name="And From this location page, print TODAY’s hours of operation (located towards the bottom of the page)" classname="Scenario: Weight Watchers search possitive scenarios" time="0">
    <skipped/>
  </testcase>
  <testcase name="And Create a method to print the number of meeting the each person(under the scheduled time) has a particular day of the week" classname="Scenario: Weight Watchers search possitive scenarios" time="0">
    <skipped/>
  </testcase>
  <testcase name="Then close driver" classname="Scenario: Weight Watchers search possitive scenarios" time="0">
    <skipped/>
  </testcase>
</testsuite>